<?xml version="1.0" encoding="utf-8"?>
<!DOCTYPE tsung SYSTEM "/usr/share/tsung/tsung-1.0.dtd">
<tsung loglevel="warning">
<!-- loglevel can have a great impact on performance: For high load, warning is recommended.
     Other levels (in order): emergency, critical, error, warning, notice (default), info, debug
     tsung needs to be recompiled with 'make debug' to use the debug log level

     dumptraffic=”protocol” attribute could be used to generate log files similar to *.jtl files
     in the apache jmeter. Fields:
     #date;pid;id;http method;host;URL;HTTP status;size;duration;transaction;match;error;tag

     For heavy load testing (tens of thousands requests per second), the protocol logging may
     overload the controller. In this case, you can use protocol_local instead.
     In this case, the log files will be written on each slave locally.
     You will have to manually merged the logs at the end of the test.  -->


	<clients>
		<client host="jmeter-node-1" weight="1" maxusers="1000">
			<ip value="10.16.0.21"></ip>
		</client>
		<client host="jmeter-node-2" weight="1" maxusers="1000">
			<ip value="10.16.0.22"></ip>
		</client>
		<client host="jmeter-node-3" weight="1" maxusers="1000">
			<ip value="10.16.0.23"></ip>
		</client>
	</clients>

	<servers>
		<server host="mt-server-node" port="80" type="tcp" weight="1"></server>
	</servers>

	<monitoring>
		<monitor host="mt-server-node" type="erlang"></monitor>
	</monitoring>

	<load>
		<arrivalphase phase="1" duration="20" unit="second">
			<users arrivalrate="50" unit="second"></users>
		</arrivalphase>
	</load>

	<sessions>
		<session name="test-001-http-big" probability="100" type="ts_http">
			<for from="1" to="3" incr="1" var="counter">
				<request>
					<http url="/000000.html" method="GET"></http>
				</request>
			</for>
		</session>
	</sessions>
	
</tsung>
